<?xml version="1.0" encoding="UTF-8"?>
<!-- Generated by org.testng.reporters.JUnitReportReporter -->
<testsuite hostname="Oracle" failures="0" tests="1" name="TC_put" time="4.657" errors="0" timestamp="2021-09-19T03:05:04 IST" skipped="0">
  <testcase classname="TC_put" name="TC_01" time="4.657"/>
  <system-out/>
</testsuite> <!-- TC_put -->
