<?xml version="1.0" encoding="UTF-8"?>
<!-- Generated by org.testng.reporters.JUnitReportReporter -->
<testsuite hostname="Oracle" failures="0" tests="1" name="TC_post" time="5.084" errors="0" timestamp="2021-09-20T11:56:47 IST" skipped="0">
  <testcase classname="TC_post" name="TC_01" time="5.084"/>
  <system-out/>
</testsuite> <!-- TC_post -->
