<?xml version="1.0" encoding="UTF-8"?>
<!-- Generated by org.testng.reporters.JUnitReportReporter -->
<testsuite skipped="0" hostname="Siddharths-MacBook-Air.local" name="paytm" tests="1" failures="0" timestamp="2021-10-26T12:20:17 IST" time="2.013" errors="0">
  <testcase name="TC_003_post" time="2.013" classname="paytm"/>
  <system-out/>
</testsuite> <!-- paytm -->
